app/build/intermediates/manifest_merge_blame_file/release/processReleaseMainManifest/manifest-merger-blame-release-report.txt
1<?xml version="1.0" encoding="utf-8"?>
2<manifest xmlns:android="http://schemas.android.com/apk/res/android"
3    package="com.makaijr"
4    android:versionCode="33"
5    android:versionName="33" >
6
7    <uses-sdk
8        android:minSdkVersion="23"
9        android:targetSdkVersion="35" />
10
11    <uses-permission android:name="android.permission.POST_NOTIFICATIONS" />
11-->src/main/AndroidManifest.xml:4:5-77
11-->src/main/AndroidManifest.xml:4:22-74
12
13    <application
13-->src/main/AndroidManifest.xml:6:5-29:19
14        android:allowBackup="true"
14-->src/main/AndroidManifest.xml:7:9-35
15        android:extractNativeLibs="false"
16        android:icon="@drawable/ic_launcher"
16-->src/main/AndroidManifest.xml:8:9-45
17        android:label="@string/app_name"
17-->src/main/AndroidManifest.xml:9:9-41
18        android:roundIcon="@drawable/ic_launcher"
18-->src/main/AndroidManifest.xml:10:9-50
19        android:supportsRtl="true"
19-->src/main/AndroidManifest.xml:11:9-35
20        android:theme="@style/AppTheme" >
20-->src/main/AndroidManifest.xml:12:9-40
21        <receiver
21-->src/main/AndroidManifest.xml:13:9-15:40
22            android:name="com.makaijr.MissionNotificationReceiver"
22-->src/main/AndroidManifest.xml:14:13-56
23            android:exported="false" />
23-->src/main/AndroidManifest.xml:15:13-37
24
25        <activity android:name="com.makaijr.MissionActivity" />
25-->src/main/AndroidManifest.xml:16:9-53
25-->src/main/AndroidManifest.xml:16:19-50
26        <activity android:name="com.makaijr.TimeSelectActivity" />
26-->src/main/AndroidManifest.xml:17:9-56
26-->src/main/AndroidManifest.xml:17:19-53
27        <activity android:name="com.makaijr.VillageSelectActivity" />
27-->src/main/AndroidManifest.xml:18:9-59
27-->src/main/AndroidManifest.xml:18:19-56
28        <activity android:name="com.makaijr.MonsterSelectActivity" />
28-->src/main/AndroidManifest.xml:19:9-59
28-->src/main/AndroidManifest.xml:19:19-56
29        <activity
29-->src/main/AndroidManifest.xml:20:9-28:20
30            android:name="com.makaijr.TitleActivity"
30-->src/main/AndroidManifest.xml:21:13-42
31            android:exported="true" >
31-->src/main/AndroidManifest.xml:22:13-36
32            <intent-filter>
32-->src/main/AndroidManifest.xml:23:13-27:29
33                <action android:name="android.intent.action.MAIN" />
33-->src/main/AndroidManifest.xml:24:17-69
33-->src/main/AndroidManifest.xml:24:25-66
34
35                <category android:name="android.intent.category.LAUNCHER" />
35-->src/main/AndroidManifest.xml:26:17-77
35-->src/main/AndroidManifest.xml:26:27-74
36            </intent-filter>
37        </activity>
38    </application>
39
40</manifest>